<?xml version="1.0" encoding="UTF-8"?>
<testng-results skipped="0" failed="1" total="1" passed="0">
  <reporter-output>
    <line>
      <![CDATA[Context: TC001_Agent_Android_Native]]>
    </line>
    <line>
      <![CDATA[Method: testLogin]]>
    </line>
  </reporter-output>
  <suite name="Suite" duration-ms="100058" started-at="2018-06-08T08:04:37Z" finished-at="2018-06-08T08:06:17Z">
    <groups>
    </groups>
    <test name="TC001_Agent_Android_Native" duration-ms="100058" started-at="2018-06-08T08:04:37Z" finished-at="2018-06-08T08:06:17Z">
      <class name="com.movoto.scripts.agent.AgentAppTest">
        <test-method status="PASS" signature="setup(org.testng.ITestContext)[pri:0, instance:com.movoto.scripts.agent.AgentAppTest@73846619]" name="setup" is-config="true" duration-ms="14812" started-at="2018-06-08T16:04:37Z" finished-at="2018-06-08T16:04:51Z">
          <params>
            <param index="0">
              <value>
                <![CDATA[org.testng.TestRunner@7791a895]]>
              </value>
            </param>
          </params>
          <reporter-output>
            <line>
              <![CDATA[Context: TC001_Agent_Android_Native]]>
            </line>
          </reporter-output>
        </test-method> <!-- setup -->
        <test-method status="PASS" signature="beforeMehtod(java.lang.reflect.Method)[pri:0, instance:com.movoto.scripts.agent.AgentAppTest@73846619]" name="beforeMehtod" is-config="true" duration-ms="20" started-at="2018-06-08T16:04:51Z" finished-at="2018-06-08T16:04:51Z">
          <params>
            <param index="0">
              <value>
                <![CDATA[public void com.movoto.scripts.agent.AgentAppTest.testLogin()]]>
              </value>
            </param>
          </params>
          <reporter-output>
            <line>
              <![CDATA[Method: testLogin]]>
            </line>
          </reporter-output>
        </test-method> <!-- beforeMehtod -->
        <test-method status="FAIL" signature="testLogin()[pri:0, instance:com.movoto.scripts.agent.AgentAppTest@73846619]" name="testLogin" duration-ms="82863" started-at="2018-06-08T16:04:51Z" finished-at="2018-06-08T16:06:14Z">
          <exception class="java.lang.AssertionError">
            <message>
              <![CDATA[expected [true] but found [false]]]>
            </message>
            <full-stacktrace>
              <![CDATA[java.lang.AssertionError: expected [true] but found [false]
	at org.testng.Assert.fail(Assert.java:94)
	at org.testng.Assert.failNotEquals(Assert.java:513)
	at org.testng.Assert.assertTrue(Assert.java:42)
	at org.testng.Assert.assertTrue(Assert.java:52)
	at com.movoto.scripts.agent.AgentAppTest.testLogin(AgentAppTest.java:12)
	at sun.reflect.NativeMethodAccessorImpl.invoke0(Native Method)
	at sun.reflect.NativeMethodAccessorImpl.invoke(NativeMethodAccessorImpl.java:62)
	at sun.reflect.DelegatingMethodAccessorImpl.invoke(DelegatingMethodAccessorImpl.java:43)
	at java.lang.reflect.Method.invoke(Method.java:498)
	at org.testng.internal.MethodInvocationHelper.invokeMethod(MethodInvocationHelper.java:86)
	at org.testng.internal.Invoker.invokeMethod(Invoker.java:643)
	at org.testng.internal.Invoker.invokeTestMethod(Invoker.java:820)
	at org.testng.internal.Invoker.invokeTestMethods(Invoker.java:1128)
	at org.testng.internal.TestMethodWorker.invokeTestMethods(TestMethodWorker.java:129)
	at org.testng.internal.TestMethodWorker.run(TestMethodWorker.java:112)
	at org.testng.TestRunner.privateRun(TestRunner.java:782)
	at org.testng.TestRunner.run(TestRunner.java:632)
	at org.testng.SuiteRunner.runTest(SuiteRunner.java:366)
	at org.testng.SuiteRunner.access$000(SuiteRunner.java:39)
	at org.testng.SuiteRunner$SuiteWorker.run(SuiteRunner.java:400)
	at org.testng.internal.thread.ThreadUtil$2.call(ThreadUtil.java:64)
	at java.util.concurrent.FutureTask.run(FutureTask.java:266)
	at java.util.concurrent.ThreadPoolExecutor.runWorker(ThreadPoolExecutor.java:1142)
	at java.util.concurrent.ThreadPoolExecutor$Worker.run(ThreadPoolExecutor.java:617)
	at java.lang.Thread.run(Thread.java:748)
]]>
            </full-stacktrace>
          </exception> <!-- java.lang.AssertionError -->
          <reporter-output>
          </reporter-output>
        </test-method> <!-- testLogin -->
        <test-method status="PASS" signature="getScreenshot()[pri:0, instance:com.movoto.scripts.agent.AgentAppTest@73846619]" name="getScreenshot" is-config="true" duration-ms="1" started-at="2018-06-08T16:06:14Z" finished-at="2018-06-08T16:06:14Z">
          <reporter-output>
          </reporter-output>
        </test-method> <!-- getScreenshot -->
        <test-method status="PASS" signature="cleanUp()[pri:0, instance:com.movoto.scripts.agent.AgentAppTest@73846619]" name="cleanUp" is-config="true" duration-ms="2343" started-at="2018-06-08T16:06:14Z" finished-at="2018-06-08T16:06:17Z">
          <reporter-output>
          </reporter-output>
        </test-method> <!-- cleanUp -->
      </class> <!-- com.movoto.scripts.agent.AgentAppTest -->
    </test> <!-- TC001_Agent_Android_Native -->
  </suite> <!-- Suite -->
</testng-results>
